<?xml version="1.0" encoding="UTF-8"?>
<!-- Generated by org.testng.reporters.JUnitXMLReporter -->
<testsuite ignored="0" hostname="LAPTOP-L4FN0J6B" failures="0" tests="6" name="Default test" time="27.515" errors="0" timestamp="2025-09-08T14:07:09 IST">
  <testcase classname="com.saucedemo.tests.LoginPageTest" name="allValidUsersShouldLoginSuccessfully" time="10.46"/>
  <testcase classname="com.saucedemo.tests.LoginPageTest" name="invalidUserShowsError" time="1.893"/>
  <testcase classname="com.saucedemo.tests.LoginPageTest" name="lockedOutUserShowsError" time="1.619"/>
  <testcase classname="com.saucedemo.tests.LoginPageTest" name="testPasswordRequiredError" time="1.598"/>
  <testcase classname="com.saucedemo.tests.LoginPageTest" name="testUsernameRequiredError" time="1.812"/>
  <testcase classname="com.saucedemo.tests.LoginPageTest" name="validLogin" time="1.795"/>
</testsuite> <!-- Default test -->
