<?xml version="1.0" encoding="UTF-8"?>
<testng-results ignored="0" total="24" passed="24" failed="0" skipped="0">
  <reporter-output>
  </reporter-output>
  <suite started-at="2025-09-09T14:24:25 IST" name="SauceDemo Test Suite" finished-at="2025-09-09T14:27:19 IST" duration-ms="173811">
    <groups>
    </groups>
    <test started-at="2025-09-09T14:24:25 IST" name="UI Tests" finished-at="2025-09-09T14:27:19 IST" duration-ms="173811">
      <class name="com.saucedemo.tests.TestSortingProductPage">
        <test-method is-config="true" signature="setUp(java.lang.String,java.lang.reflect.Method)[pri:0, instance:com.saucedemo.tests.TestSortingProductPage@408d971b]" started-at="2025-09-09T14:26:18 IST" name="setUp" finished-at="2025-09-09T14:26:20 IST" duration-ms="1369" status="PASS">
          <params>
            <param index="0">
              <value>
                <![CDATA[chrome]]>
              </value>
            </param>
            <param index="1">
              <value>
                <![CDATA[public void com.saucedemo.tests.TestSortingProductPage.sortByNameAtoZ()]]>
              </value>
            </param>
          </params>
          <reporter-output>
          </reporter-output>
        </test-method> <!-- setUp -->
        <test-method signature="sortByNameAtoZ()[pri:0, instance:com.saucedemo.tests.TestSortingProductPage@408d971b]" started-at="2025-09-09T14:26:20 IST" name="sortByNameAtoZ" finished-at="2025-09-09T14:26:24 IST" duration-ms="4840" status="PASS">
          <reporter-output>
          </reporter-output>
        </test-method> <!-- sortByNameAtoZ -->
        <test-method is-config="true" signature="tearDown(org.testng.ITestResult)[pri:0, instance:com.saucedemo.tests.TestSortingProductPage@408d971b]" started-at="2025-09-09T14:26:24 IST" name="tearDown" finished-at="2025-09-09T14:26:25 IST" duration-ms="412" status="PASS">
          <params>
            <param index="0">
              <value>
                <![CDATA[[TestResult name=sortByNameAtoZ status=SUCCESS method=TestSortingProductPage.sortByNameAtoZ()[pri:0, instance:com.saucedemo.tests.TestSortingProductPage@408d971b] output={null}]]]>
              </value>
            </param>
          </params>
          <reporter-output>
          </reporter-output>
        </test-method> <!-- tearDown -->
        <test-method is-config="true" signature="setUp(java.lang.String,java.lang.reflect.Method)[pri:0, instance:com.saucedemo.tests.TestSortingProductPage@408d971b]" started-at="2025-09-09T14:26:25 IST" name="setUp" finished-at="2025-09-09T14:26:26 IST" duration-ms="1096" status="PASS">
          <params>
            <param index="0">
              <value>
                <![CDATA[chrome]]>
              </value>
            </param>
            <param index="1">
              <value>
                <![CDATA[public void com.saucedemo.tests.TestSortingProductPage.sortByNameZtoA()]]>
              </value>
            </param>
          </params>
          <reporter-output>
          </reporter-output>
        </test-method> <!-- setUp -->
        <test-method signature="sortByNameZtoA()[pri:0, instance:com.saucedemo.tests.TestSortingProductPage@408d971b]" started-at="2025-09-09T14:26:26 IST" name="sortByNameZtoA" finished-at="2025-09-09T14:26:31 IST" duration-ms="4785" status="PASS">
          <reporter-output>
          </reporter-output>
        </test-method> <!-- sortByNameZtoA -->
        <test-method is-config="true" signature="tearDown(org.testng.ITestResult)[pri:0, instance:com.saucedemo.tests.TestSortingProductPage@408d971b]" started-at="2025-09-09T14:26:31 IST" name="tearDown" finished-at="2025-09-09T14:26:31 IST" duration-ms="515" status="PASS">
          <params>
            <param index="0">
              <value>
                <![CDATA[[TestResult name=sortByNameZtoA status=SUCCESS method=TestSortingProductPage.sortByNameZtoA()[pri:0, instance:com.saucedemo.tests.TestSortingProductPage@408d971b] output={null}]]]>
              </value>
            </param>
          </params>
          <reporter-output>
          </reporter-output>
        </test-method> <!-- tearDown -->
        <test-method is-config="true" signature="setUp(java.lang.String,java.lang.reflect.Method)[pri:0, instance:com.saucedemo.tests.TestSortingProductPage@408d971b]" started-at="2025-09-09T14:26:31 IST" name="setUp" finished-at="2025-09-09T14:26:33 IST" duration-ms="1236" status="PASS">
          <params>
            <param index="0">
              <value>
                <![CDATA[chrome]]>
              </value>
            </param>
            <param index="1">
              <value>
                <![CDATA[public void com.saucedemo.tests.TestSortingProductPage.sortByPriceHighToLow()]]>
              </value>
            </param>
          </params>
          <reporter-output>
          </reporter-output>
        </test-method> <!-- setUp -->
        <test-method signature="sortByPriceHighToLow()[pri:0, instance:com.saucedemo.tests.TestSortingProductPage@408d971b]" started-at="2025-09-09T14:26:33 IST" name="sortByPriceHighToLow" finished-at="2025-09-09T14:26:39 IST" duration-ms="6379" status="PASS">
          <reporter-output>
          </reporter-output>
        </test-method> <!-- sortByPriceHighToLow -->
        <test-method is-config="true" signature="tearDown(org.testng.ITestResult)[pri:0, instance:com.saucedemo.tests.TestSortingProductPage@408d971b]" started-at="2025-09-09T14:26:39 IST" name="tearDown" finished-at="2025-09-09T14:26:39 IST" duration-ms="440" status="PASS">
          <params>
            <param index="0">
              <value>
                <![CDATA[[TestResult name=sortByPriceHighToLow status=SUCCESS method=TestSortingProductPage.sortByPriceHighToLow()[pri:0, instance:com.saucedemo.tests.TestSortingProductPage@408d971b] output={null}]]]>
              </value>
            </param>
          </params>
          <reporter-output>
          </reporter-output>
        </test-method> <!-- tearDown -->
        <test-method is-config="true" signature="setUp(java.lang.String,java.lang.reflect.Method)[pri:0, instance:com.saucedemo.tests.TestSortingProductPage@408d971b]" started-at="2025-09-09T14:26:39 IST" name="setUp" finished-at="2025-09-09T14:26:40 IST" duration-ms="1012" status="PASS">
          <params>
            <param index="0">
              <value>
                <![CDATA[chrome]]>
              </value>
            </param>
            <param index="1">
              <value>
                <![CDATA[public void com.saucedemo.tests.TestSortingProductPage.sortByPriceLowToHigh()]]>
              </value>
            </param>
          </params>
          <reporter-output>
          </reporter-output>
        </test-method> <!-- setUp -->
        <test-method signature="sortByPriceLowToHigh()[pri:0, instance:com.saucedemo.tests.TestSortingProductPage@408d971b]" started-at="2025-09-09T14:26:40 IST" name="sortByPriceLowToHigh" finished-at="2025-09-09T14:26:49 IST" duration-ms="9001" status="PASS">
          <reporter-output>
          </reporter-output>
        </test-method> <!-- sortByPriceLowToHigh -->
        <test-method is-config="true" signature="tearDown(org.testng.ITestResult)[pri:0, instance:com.saucedemo.tests.TestSortingProductPage@408d971b]" started-at="2025-09-09T14:26:49 IST" name="tearDown" finished-at="2025-09-09T14:26:50 IST" duration-ms="352" status="PASS">
          <params>
            <param index="0">
              <value>
                <![CDATA[[TestResult name=sortByPriceLowToHigh status=SUCCESS method=TestSortingProductPage.sortByPriceLowToHigh()[pri:0, instance:com.saucedemo.tests.TestSortingProductPage@408d971b] output={null}]]]>
              </value>
            </param>
          </params>
          <reporter-output>
          </reporter-output>
        </test-method> <!-- tearDown -->
      </class> <!-- com.saucedemo.tests.TestSortingProductPage -->
      <class name="com.saucedemo.tests.TestAddToCartPage">
        <test-method is-config="true" signature="setUp(java.lang.String,java.lang.reflect.Method)[pri:0, instance:com.saucedemo.tests.TestAddToCartPage@1aafa419]" started-at="2025-09-09T14:25:24 IST" name="setUp" finished-at="2025-09-09T14:25:26 IST" duration-ms="1478" status="PASS">
          <params>
            <param index="0">
              <value>
                <![CDATA[chrome]]>
              </value>
            </param>
            <param index="1">
              <value>
                <![CDATA[public void com.saucedemo.tests.TestAddToCartPage.addItemUpdatesCartBadge()]]>
              </value>
            </param>
          </params>
          <reporter-output>
          </reporter-output>
        </test-method> <!-- setUp -->
        <test-method is-config="true" signature="loginBeforeEachTest()[pri:0, instance:com.saucedemo.tests.TestAddToCartPage@1aafa419]" started-at="2025-09-09T14:25:26 IST" name="loginBeforeEachTest" finished-at="2025-09-09T14:25:29 IST" duration-ms="3350" status="PASS">
          <reporter-output>
          </reporter-output>
        </test-method> <!-- loginBeforeEachTest -->
        <test-method signature="addItemUpdatesCartBadge()[pri:0, instance:com.saucedemo.tests.TestAddToCartPage@1aafa419]" started-at="2025-09-09T14:25:29 IST" name="addItemUpdatesCartBadge" finished-at="2025-09-09T14:25:29 IST" duration-ms="172" status="PASS">
          <reporter-output>
          </reporter-output>
        </test-method> <!-- addItemUpdatesCartBadge -->
        <test-method is-config="true" signature="tearDown(org.testng.ITestResult)[pri:0, instance:com.saucedemo.tests.TestAddToCartPage@1aafa419]" started-at="2025-09-09T14:25:29 IST" name="tearDown" finished-at="2025-09-09T14:25:30 IST" duration-ms="523" status="PASS">
          <params>
            <param index="0">
              <value>
                <![CDATA[[TestResult name=addItemUpdatesCartBadge status=SUCCESS method=TestAddToCartPage.addItemUpdatesCartBadge()[pri:0, instance:com.saucedemo.tests.TestAddToCartPage@1aafa419] output={null}]]]>
              </value>
            </param>
          </params>
          <reporter-output>
          </reporter-output>
        </test-method> <!-- tearDown -->
        <test-method is-config="true" signature="setUp(java.lang.String,java.lang.reflect.Method)[pri:0, instance:com.saucedemo.tests.TestAddToCartPage@1aafa419]" started-at="2025-09-09T14:25:30 IST" name="setUp" finished-at="2025-09-09T14:25:31 IST" duration-ms="1477" status="PASS">
          <params>
            <param index="0">
              <value>
                <![CDATA[chrome]]>
              </value>
            </param>
            <param index="1">
              <value>
                <![CDATA[public void com.saucedemo.tests.TestAddToCartPage.cartBadgeAccumulatesItems()]]>
              </value>
            </param>
          </params>
          <reporter-output>
          </reporter-output>
        </test-method> <!-- setUp -->
        <test-method is-config="true" signature="loginBeforeEachTest()[pri:0, instance:com.saucedemo.tests.TestAddToCartPage@1aafa419]" started-at="2025-09-09T14:25:31 IST" name="loginBeforeEachTest" finished-at="2025-09-09T14:25:34 IST" duration-ms="2611" status="PASS">
          <reporter-output>
          </reporter-output>
        </test-method> <!-- loginBeforeEachTest -->
        <test-method signature="cartBadgeAccumulatesItems()[pri:0, instance:com.saucedemo.tests.TestAddToCartPage@1aafa419]" started-at="2025-09-09T14:25:34 IST" name="cartBadgeAccumulatesItems" finished-at="2025-09-09T14:25:34 IST" duration-ms="305" status="PASS">
          <reporter-output>
          </reporter-output>
        </test-method> <!-- cartBadgeAccumulatesItems -->
        <test-method is-config="true" signature="tearDown(org.testng.ITestResult)[pri:0, instance:com.saucedemo.tests.TestAddToCartPage@1aafa419]" started-at="2025-09-09T14:25:34 IST" name="tearDown" finished-at="2025-09-09T14:25:35 IST" duration-ms="436" status="PASS">
          <params>
            <param index="0">
              <value>
                <![CDATA[[TestResult name=cartBadgeAccumulatesItems status=SUCCESS method=TestAddToCartPage.cartBadgeAccumulatesItems()[pri:0, instance:com.saucedemo.tests.TestAddToCartPage@1aafa419] output={null}]]]>
              </value>
            </param>
          </params>
          <reporter-output>
          </reporter-output>
        </test-method> <!-- tearDown -->
        <test-method is-config="true" signature="setUp(java.lang.String,java.lang.reflect.Method)[pri:0, instance:com.saucedemo.tests.TestAddToCartPage@1aafa419]" started-at="2025-09-09T14:25:35 IST" name="setUp" finished-at="2025-09-09T14:25:36 IST" duration-ms="1720" status="PASS">
          <params>
            <param index="0">
              <value>
                <![CDATA[chrome]]>
              </value>
            </param>
            <param index="1">
              <value>
                <![CDATA[public void com.saucedemo.tests.TestAddToCartPage.cartBadgeNotVisibleWhenEmpty()]]>
              </value>
            </param>
          </params>
          <reporter-output>
          </reporter-output>
        </test-method> <!-- setUp -->
        <test-method is-config="true" signature="loginBeforeEachTest()[pri:0, instance:com.saucedemo.tests.TestAddToCartPage@1aafa419]" started-at="2025-09-09T14:25:36 IST" name="loginBeforeEachTest" finished-at="2025-09-09T14:25:40 IST" duration-ms="3246" status="PASS">
          <reporter-output>
          </reporter-output>
        </test-method> <!-- loginBeforeEachTest -->
        <test-method signature="cartBadgeNotVisibleWhenEmpty()[pri:0, instance:com.saucedemo.tests.TestAddToCartPage@1aafa419]" started-at="2025-09-09T14:25:40 IST" name="cartBadgeNotVisibleWhenEmpty" finished-at="2025-09-09T14:25:40 IST" duration-ms="27" status="PASS">
          <reporter-output>
          </reporter-output>
        </test-method> <!-- cartBadgeNotVisibleWhenEmpty -->
        <test-method is-config="true" signature="tearDown(org.testng.ITestResult)[pri:0, instance:com.saucedemo.tests.TestAddToCartPage@1aafa419]" started-at="2025-09-09T14:25:40 IST" name="tearDown" finished-at="2025-09-09T14:25:40 IST" duration-ms="504" status="PASS">
          <params>
            <param index="0">
              <value>
                <![CDATA[[TestResult name=cartBadgeNotVisibleWhenEmpty status=SUCCESS method=TestAddToCartPage.cartBadgeNotVisibleWhenEmpty()[pri:0, instance:com.saucedemo.tests.TestAddToCartPage@1aafa419] output={null}]]]>
              </value>
            </param>
          </params>
          <reporter-output>
          </reporter-output>
        </test-method> <!-- tearDown -->
        <test-method is-config="true" signature="setUp(java.lang.String,java.lang.reflect.Method)[pri:0, instance:com.saucedemo.tests.TestAddToCartPage@1aafa419]" started-at="2025-09-09T14:25:40 IST" name="setUp" finished-at="2025-09-09T14:25:42 IST" duration-ms="1369" status="PASS">
          <params>
            <param index="0">
              <value>
                <![CDATA[chrome]]>
              </value>
            </param>
            <param index="1">
              <value>
                <![CDATA[public void com.saucedemo.tests.TestAddToCartPage.cartLinkNavigatesToCartPage()]]>
              </value>
            </param>
          </params>
          <reporter-output>
          </reporter-output>
        </test-method> <!-- setUp -->
        <test-method is-config="true" signature="loginBeforeEachTest()[pri:0, instance:com.saucedemo.tests.TestAddToCartPage@1aafa419]" started-at="2025-09-09T14:25:42 IST" name="loginBeforeEachTest" finished-at="2025-09-09T14:25:46 IST" duration-ms="4487" status="PASS">
          <reporter-output>
          </reporter-output>
        </test-method> <!-- loginBeforeEachTest -->
        <test-method signature="cartLinkNavigatesToCartPage()[pri:0, instance:com.saucedemo.tests.TestAddToCartPage@1aafa419]" started-at="2025-09-09T14:25:46 IST" name="cartLinkNavigatesToCartPage" finished-at="2025-09-09T14:25:46 IST" duration-ms="224" status="PASS">
          <reporter-output>
          </reporter-output>
        </test-method> <!-- cartLinkNavigatesToCartPage -->
        <test-method is-config="true" signature="tearDown(org.testng.ITestResult)[pri:0, instance:com.saucedemo.tests.TestAddToCartPage@1aafa419]" started-at="2025-09-09T14:25:46 IST" name="tearDown" finished-at="2025-09-09T14:25:47 IST" duration-ms="529" status="PASS">
          <params>
            <param index="0">
              <value>
                <![CDATA[[TestResult name=cartLinkNavigatesToCartPage status=SUCCESS method=TestAddToCartPage.cartLinkNavigatesToCartPage()[pri:0, instance:com.saucedemo.tests.TestAddToCartPage@1aafa419] output={null}]]]>
              </value>
            </param>
          </params>
          <reporter-output>
          </reporter-output>
        </test-method> <!-- tearDown -->
        <test-method is-config="true" signature="setUp(java.lang.String,java.lang.reflect.Method)[pri:0, instance:com.saucedemo.tests.TestAddToCartPage@1aafa419]" started-at="2025-09-09T14:25:47 IST" name="setUp" finished-at="2025-09-09T14:25:48 IST" duration-ms="1216" status="PASS">
          <params>
            <param index="0">
              <value>
                <![CDATA[chrome]]>
              </value>
            </param>
            <param index="1">
              <value>
                <![CDATA[public void com.saucedemo.tests.TestAddToCartPage.removeItemUpdatesCartBadgeToZero()]]>
              </value>
            </param>
          </params>
          <reporter-output>
          </reporter-output>
        </test-method> <!-- setUp -->
        <test-method is-config="true" signature="loginBeforeEachTest()[pri:0, instance:com.saucedemo.tests.TestAddToCartPage@1aafa419]" started-at="2025-09-09T14:25:48 IST" name="loginBeforeEachTest" finished-at="2025-09-09T14:25:52 IST" duration-ms="3553" status="PASS">
          <reporter-output>
          </reporter-output>
        </test-method> <!-- loginBeforeEachTest -->
        <test-method signature="removeItemUpdatesCartBadgeToZero()[pri:0, instance:com.saucedemo.tests.TestAddToCartPage@1aafa419]" started-at="2025-09-09T14:25:52 IST" name="removeItemUpdatesCartBadgeToZero" finished-at="2025-09-09T14:25:52 IST" duration-ms="225" status="PASS">
          <reporter-output>
          </reporter-output>
        </test-method> <!-- removeItemUpdatesCartBadgeToZero -->
        <test-method is-config="true" signature="tearDown(org.testng.ITestResult)[pri:0, instance:com.saucedemo.tests.TestAddToCartPage@1aafa419]" started-at="2025-09-09T14:25:52 IST" name="tearDown" finished-at="2025-09-09T14:25:52 IST" duration-ms="532" status="PASS">
          <params>
            <param index="0">
              <value>
                <![CDATA[[TestResult name=removeItemUpdatesCartBadgeToZero status=SUCCESS method=TestAddToCartPage.removeItemUpdatesCartBadgeToZero()[pri:0, instance:com.saucedemo.tests.TestAddToCartPage@1aafa419] output={null}]]]>
              </value>
            </param>
          </params>
          <reporter-output>
          </reporter-output>
        </test-method> <!-- tearDown -->
      </class> <!-- com.saucedemo.tests.TestAddToCartPage -->
      <class name="com.saucedemo.tests.TestCartBadgeCountValidationPage">
        <test-method is-config="true" signature="setUp(java.lang.String,java.lang.reflect.Method)[pri:0, instance:com.saucedemo.tests.TestCartBadgeCountValidationPage@3c46e67a]" started-at="2025-09-09T14:26:58 IST" name="setUp" finished-at="2025-09-09T14:26:59 IST" duration-ms="1040" status="PASS">
          <params>
            <param index="0">
              <value>
                <![CDATA[chrome]]>
              </value>
            </param>
            <param index="1">
              <value>
                <![CDATA[public void com.saucedemo.tests.TestCartBadgeCountValidationPage.badgeIncrementsWhenAddingItems()]]>
              </value>
            </param>
          </params>
          <reporter-output>
          </reporter-output>
        </test-method> <!-- setUp -->
        <test-method is-config="true" signature="loginAndSetup()[pri:0, instance:com.saucedemo.tests.TestCartBadgeCountValidationPage@3c46e67a]" started-at="2025-09-09T14:26:59 IST" name="loginAndSetup" finished-at="2025-09-09T14:27:04 IST" duration-ms="5627" status="PASS">
          <reporter-output>
          </reporter-output>
        </test-method> <!-- loginAndSetup -->
        <test-method signature="badgeIncrementsWhenAddingItems()[pri:0, instance:com.saucedemo.tests.TestCartBadgeCountValidationPage@3c46e67a]" started-at="2025-09-09T14:27:04 IST" name="badgeIncrementsWhenAddingItems" finished-at="2025-09-09T14:27:05 IST" duration-ms="310" status="PASS">
          <reporter-output>
          </reporter-output>
        </test-method> <!-- badgeIncrementsWhenAddingItems -->
        <test-method is-config="true" signature="tearDown(org.testng.ITestResult)[pri:0, instance:com.saucedemo.tests.TestCartBadgeCountValidationPage@3c46e67a]" started-at="2025-09-09T14:27:05 IST" name="tearDown" finished-at="2025-09-09T14:27:05 IST" duration-ms="413" status="PASS">
          <params>
            <param index="0">
              <value>
                <![CDATA[[TestResult name=badgeIncrementsWhenAddingItems status=SUCCESS method=TestCartBadgeCountValidationPage.badgeIncrementsWhenAddingItems()[pri:0, instance:com.saucedemo.tests.TestCartBadgeCountValidationPage@3c46e67a] output={null}]]]>
              </value>
            </param>
          </params>
          <reporter-output>
          </reporter-output>
        </test-method> <!-- tearDown -->
        <test-method is-config="true" signature="setUp(java.lang.String,java.lang.reflect.Method)[pri:0, instance:com.saucedemo.tests.TestCartBadgeCountValidationPage@3c46e67a]" started-at="2025-09-09T14:27:05 IST" name="setUp" finished-at="2025-09-09T14:27:06 IST" duration-ms="1052" status="PASS">
          <params>
            <param index="0">
              <value>
                <![CDATA[chrome]]>
              </value>
            </param>
            <param index="1">
              <value>
                <![CDATA[public void com.saucedemo.tests.TestCartBadgeCountValidationPage.badgeShowsTwoWhenAddingTwoItems()]]>
              </value>
            </param>
          </params>
          <reporter-output>
          </reporter-output>
        </test-method> <!-- setUp -->
        <test-method is-config="true" signature="loginAndSetup()[pri:0, instance:com.saucedemo.tests.TestCartBadgeCountValidationPage@3c46e67a]" started-at="2025-09-09T14:27:06 IST" name="loginAndSetup" finished-at="2025-09-09T14:27:12 IST" duration-ms="6035" status="PASS">
          <reporter-output>
          </reporter-output>
        </test-method> <!-- loginAndSetup -->
        <test-method signature="badgeShowsTwoWhenAddingTwoItems()[pri:0, instance:com.saucedemo.tests.TestCartBadgeCountValidationPage@3c46e67a]" started-at="2025-09-09T14:27:12 IST" name="badgeShowsTwoWhenAddingTwoItems" finished-at="2025-09-09T14:27:12 IST" duration-ms="272" status="PASS">
          <reporter-output>
          </reporter-output>
        </test-method> <!-- badgeShowsTwoWhenAddingTwoItems -->
        <test-method is-config="true" signature="tearDown(org.testng.ITestResult)[pri:0, instance:com.saucedemo.tests.TestCartBadgeCountValidationPage@3c46e67a]" started-at="2025-09-09T14:27:12 IST" name="tearDown" finished-at="2025-09-09T14:27:13 IST" duration-ms="430" status="PASS">
          <params>
            <param index="0">
              <value>
                <![CDATA[[TestResult name=badgeShowsTwoWhenAddingTwoItems status=SUCCESS method=TestCartBadgeCountValidationPage.badgeShowsTwoWhenAddingTwoItems()[pri:0, instance:com.saucedemo.tests.TestCartBadgeCountValidationPage@3c46e67a] output={null}]]]>
              </value>
            </param>
          </params>
          <reporter-output>
          </reporter-output>
        </test-method> <!-- tearDown -->
        <test-method is-config="true" signature="setUp(java.lang.String,java.lang.reflect.Method)[pri:0, instance:com.saucedemo.tests.TestCartBadgeCountValidationPage@3c46e67a]" started-at="2025-09-09T14:27:13 IST" name="setUp" finished-at="2025-09-09T14:27:14 IST" duration-ms="1010" status="PASS">
          <params>
            <param index="0">
              <value>
                <![CDATA[chrome]]>
              </value>
            </param>
            <param index="1">
              <value>
                <![CDATA[public void com.saucedemo.tests.TestCartBadgeCountValidationPage.badgeUpdatesAfterRemovingItem()]]>
              </value>
            </param>
          </params>
          <reporter-output>
          </reporter-output>
        </test-method> <!-- setUp -->
        <test-method is-config="true" signature="loginAndSetup()[pri:0, instance:com.saucedemo.tests.TestCartBadgeCountValidationPage@3c46e67a]" started-at="2025-09-09T14:27:14 IST" name="loginAndSetup" finished-at="2025-09-09T14:27:18 IST" duration-ms="4225" status="PASS">
          <reporter-output>
          </reporter-output>
        </test-method> <!-- loginAndSetup -->
        <test-method signature="badgeUpdatesAfterRemovingItem()[pri:0, instance:com.saucedemo.tests.TestCartBadgeCountValidationPage@3c46e67a]" started-at="2025-09-09T14:27:18 IST" name="badgeUpdatesAfterRemovingItem" finished-at="2025-09-09T14:27:18 IST" duration-ms="408" status="PASS">
          <reporter-output>
          </reporter-output>
        </test-method> <!-- badgeUpdatesAfterRemovingItem -->
        <test-method is-config="true" signature="tearDown(org.testng.ITestResult)[pri:0, instance:com.saucedemo.tests.TestCartBadgeCountValidationPage@3c46e67a]" started-at="2025-09-09T14:27:18 IST" name="tearDown" finished-at="2025-09-09T14:27:19 IST" duration-ms="511" status="PASS">
          <params>
            <param index="0">
              <value>
                <![CDATA[[TestResult name=badgeUpdatesAfterRemovingItem status=SUCCESS method=TestCartBadgeCountValidationPage.badgeUpdatesAfterRemovingItem()[pri:0, instance:com.saucedemo.tests.TestCartBadgeCountValidationPage@3c46e67a] output={null}]]]>
              </value>
            </param>
          </params>
          <reporter-output>
          </reporter-output>
        </test-method> <!-- tearDown -->
      </class> <!-- com.saucedemo.tests.TestCartBadgeCountValidationPage -->
      <class name="com.saucedemo.tests.BaseTest">
        <test-method is-config="true" signature="beforeSuite()[pri:0, instance:com.saucedemo.tests.BaseTest@3023df74]" started-at="2025-09-09T14:24:25 IST" name="beforeSuite" finished-at="2025-09-09T14:24:25 IST" duration-ms="403" status="PASS">
          <reporter-output>
          </reporter-output>
        </test-method> <!-- beforeSuite -->
        <test-method is-config="true" signature="afterSuite()[pri:0, instance:com.saucedemo.tests.BaseTest@3023df74]" started-at="2025-09-09T14:27:19 IST" name="afterSuite" finished-at="2025-09-09T14:27:19 IST" duration-ms="475" status="PASS">
          <reporter-output>
          </reporter-output>
        </test-method> <!-- afterSuite -->
      </class> <!-- com.saucedemo.tests.BaseTest -->
      <class name="com.saucedemo.tests.TestCheckoutPage">
        <test-method is-config="true" signature="setUp(java.lang.String,java.lang.reflect.Method)[pri:0, instance:com.saucedemo.tests.TestCheckoutPage@557caf28]" started-at="2025-09-09T14:25:52 IST" name="setUp" finished-at="2025-09-09T14:25:54 IST" duration-ms="1556" status="PASS">
          <params>
            <param index="0">
              <value>
                <![CDATA[chrome]]>
              </value>
            </param>
            <param index="1">
              <value>
                <![CDATA[public void com.saucedemo.tests.TestCheckoutPage.cancelCheckoutShouldReturnToCart()]]>
              </value>
            </param>
          </params>
          <reporter-output>
          </reporter-output>
        </test-method> <!-- setUp -->
        <test-method signature="cancelCheckoutShouldReturnToCart()[pri:0, instance:com.saucedemo.tests.TestCheckoutPage@557caf28]" started-at="2025-09-09T14:25:54 IST" name="cancelCheckoutShouldReturnToCart" finished-at="2025-09-09T14:25:58 IST" duration-ms="4350" status="PASS">
          <reporter-output>
          </reporter-output>
        </test-method> <!-- cancelCheckoutShouldReturnToCart -->
        <test-method is-config="true" signature="tearDown(org.testng.ITestResult)[pri:0, instance:com.saucedemo.tests.TestCheckoutPage@557caf28]" started-at="2025-09-09T14:25:58 IST" name="tearDown" finished-at="2025-09-09T14:25:59 IST" duration-ms="502" status="PASS">
          <params>
            <param index="0">
              <value>
                <![CDATA[[TestResult name=cancelCheckoutShouldReturnToCart status=SUCCESS method=TestCheckoutPage.cancelCheckoutShouldReturnToCart()[pri:0, instance:com.saucedemo.tests.TestCheckoutPage@557caf28] output={null}]]]>
              </value>
            </param>
          </params>
          <reporter-output>
          </reporter-output>
        </test-method> <!-- tearDown -->
        <test-method is-config="true" signature="setUp(java.lang.String,java.lang.reflect.Method)[pri:0, instance:com.saucedemo.tests.TestCheckoutPage@557caf28]" started-at="2025-09-09T14:25:59 IST" name="setUp" finished-at="2025-09-09T14:26:00 IST" duration-ms="1223" status="PASS">
          <params>
            <param index="0">
              <value>
                <![CDATA[chrome]]>
              </value>
            </param>
            <param index="1">
              <value>
                <![CDATA[public void com.saucedemo.tests.TestCheckoutPage.cannotCheckoutWithEmptyCart()]]>
              </value>
            </param>
          </params>
          <reporter-output>
          </reporter-output>
        </test-method> <!-- setUp -->
        <test-method signature="cannotCheckoutWithEmptyCart()[pri:0, instance:com.saucedemo.tests.TestCheckoutPage@557caf28]" started-at="2025-09-09T14:26:00 IST" name="cannotCheckoutWithEmptyCart" finished-at="2025-09-09T14:26:05 IST" duration-ms="4924" status="PASS">
          <reporter-output>
          </reporter-output>
        </test-method> <!-- cannotCheckoutWithEmptyCart -->
        <test-method is-config="true" signature="tearDown(org.testng.ITestResult)[pri:0, instance:com.saucedemo.tests.TestCheckoutPage@557caf28]" started-at="2025-09-09T14:26:05 IST" name="tearDown" finished-at="2025-09-09T14:26:05 IST" duration-ms="515" status="PASS">
          <params>
            <param index="0">
              <value>
                <![CDATA[[TestResult name=cannotCheckoutWithEmptyCart status=SUCCESS method=TestCheckoutPage.cannotCheckoutWithEmptyCart()[pri:0, instance:com.saucedemo.tests.TestCheckoutPage@557caf28] output={null}]]]>
              </value>
            </param>
          </params>
          <reporter-output>
          </reporter-output>
        </test-method> <!-- tearDown -->
        <test-method is-config="true" signature="setUp(java.lang.String,java.lang.reflect.Method)[pri:0, instance:com.saucedemo.tests.TestCheckoutPage@557caf28]" started-at="2025-09-09T14:26:05 IST" name="setUp" finished-at="2025-09-09T14:26:07 IST" duration-ms="1340" status="PASS">
          <params>
            <param index="0">
              <value>
                <![CDATA[chrome]]>
              </value>
            </param>
            <param index="1">
              <value>
                <![CDATA[public void com.saucedemo.tests.TestCheckoutPage.checkoutShowsCorrectConfirmationMessage()]]>
              </value>
            </param>
          </params>
          <reporter-output>
          </reporter-output>
        </test-method> <!-- setUp -->
        <test-method signature="checkoutShowsCorrectConfirmationMessage()[pri:0, instance:com.saucedemo.tests.TestCheckoutPage@557caf28]" started-at="2025-09-09T14:26:07 IST" name="checkoutShowsCorrectConfirmationMessage" finished-at="2025-09-09T14:26:11 IST" duration-ms="4529" status="PASS">
          <reporter-output>
          </reporter-output>
        </test-method> <!-- checkoutShowsCorrectConfirmationMessage -->
        <test-method is-config="true" signature="tearDown(org.testng.ITestResult)[pri:0, instance:com.saucedemo.tests.TestCheckoutPage@557caf28]" started-at="2025-09-09T14:26:11 IST" name="tearDown" finished-at="2025-09-09T14:26:12 IST" duration-ms="493" status="PASS">
          <params>
            <param index="0">
              <value>
                <![CDATA[[TestResult name=checkoutShowsCorrectConfirmationMessage status=SUCCESS method=TestCheckoutPage.checkoutShowsCorrectConfirmationMessage()[pri:0, instance:com.saucedemo.tests.TestCheckoutPage@557caf28] output={null}]]]>
              </value>
            </param>
          </params>
          <reporter-output>
          </reporter-output>
        </test-method> <!-- tearDown -->
        <test-method is-config="true" signature="setUp(java.lang.String,java.lang.reflect.Method)[pri:0, instance:com.saucedemo.tests.TestCheckoutPage@557caf28]" started-at="2025-09-09T14:26:12 IST" name="setUp" finished-at="2025-09-09T14:26:13 IST" duration-ms="1331" status="PASS">
          <params>
            <param index="0">
              <value>
                <![CDATA[chrome]]>
              </value>
            </param>
            <param index="1">
              <value>
                <![CDATA[public void com.saucedemo.tests.TestCheckoutPage.completeCheckoutFlow()]]>
              </value>
            </param>
          </params>
          <reporter-output>
          </reporter-output>
        </test-method> <!-- setUp -->
        <test-method signature="completeCheckoutFlow()[pri:0, instance:com.saucedemo.tests.TestCheckoutPage@557caf28]" started-at="2025-09-09T14:26:13 IST" name="completeCheckoutFlow" finished-at="2025-09-09T14:26:18 IST" duration-ms="4647" status="PASS">
          <reporter-output>
          </reporter-output>
        </test-method> <!-- completeCheckoutFlow -->
        <test-method is-config="true" signature="tearDown(org.testng.ITestResult)[pri:0, instance:com.saucedemo.tests.TestCheckoutPage@557caf28]" started-at="2025-09-09T14:26:18 IST" name="tearDown" finished-at="2025-09-09T14:26:18 IST" duration-ms="465" status="PASS">
          <params>
            <param index="0">
              <value>
                <![CDATA[[TestResult name=completeCheckoutFlow status=SUCCESS method=TestCheckoutPage.completeCheckoutFlow()[pri:0, instance:com.saucedemo.tests.TestCheckoutPage@557caf28] output={null}]]]>
              </value>
            </param>
          </params>
          <reporter-output>
          </reporter-output>
        </test-method> <!-- tearDown -->
      </class> <!-- com.saucedemo.tests.TestCheckoutPage -->
      <class name="com.saucedemo.tests.TestHomePage">
        <test-method is-config="true" signature="setUp(java.lang.String,java.lang.reflect.Method)[pri:0, instance:com.saucedemo.tests.TestHomePage@a1153bc]" started-at="2025-09-09T14:25:17 IST" name="setUp" finished-at="2025-09-09T14:25:18 IST" duration-ms="1042" status="PASS">
          <params>
            <param index="0">
              <value>
                <![CDATA[chrome]]>
              </value>
            </param>
            <param index="1">
              <value>
                <![CDATA[public void com.saucedemo.tests.TestHomePage.headerVisibleAfterLogin()]]>
              </value>
            </param>
          </params>
          <reporter-output>
          </reporter-output>
        </test-method> <!-- setUp -->
        <test-method signature="headerVisibleAfterLogin()[pri:0, instance:com.saucedemo.tests.TestHomePage@a1153bc]" started-at="2025-09-09T14:25:18 IST" name="headerVisibleAfterLogin" finished-at="2025-09-09T14:25:24 IST" duration-ms="5331" status="PASS">
          <reporter-output>
          </reporter-output>
        </test-method> <!-- headerVisibleAfterLogin -->
        <test-method is-config="true" signature="tearDown(org.testng.ITestResult)[pri:0, instance:com.saucedemo.tests.TestHomePage@a1153bc]" started-at="2025-09-09T14:25:24 IST" name="tearDown" finished-at="2025-09-09T14:25:24 IST" duration-ms="594" status="PASS">
          <params>
            <param index="0">
              <value>
                <![CDATA[[TestResult name=headerVisibleAfterLogin status=SUCCESS method=TestHomePage.headerVisibleAfterLogin()[pri:0, instance:com.saucedemo.tests.TestHomePage@a1153bc] output={null}]]]>
              </value>
            </param>
          </params>
          <reporter-output>
          </reporter-output>
        </test-method> <!-- tearDown -->
      </class> <!-- com.saucedemo.tests.TestHomePage -->
      <class name="com.saucedemo.tests.TestLogoutPage">
        <test-method is-config="true" signature="setUp(java.lang.String,java.lang.reflect.Method)[pri:0, instance:com.saucedemo.tests.TestLogoutPage@6c6cb480]" started-at="2025-09-09T14:26:50 IST" name="setUp" finished-at="2025-09-09T14:26:51 IST" duration-ms="1099" status="PASS">
          <params>
            <param index="0">
              <value>
                <![CDATA[chrome]]>
              </value>
            </param>
            <param index="1">
              <value>
                <![CDATA[public void com.saucedemo.tests.TestLogoutPage.logoutWorks() throws java.lang.InterruptedException]]>
              </value>
            </param>
          </params>
          <reporter-output>
          </reporter-output>
        </test-method> <!-- setUp -->
        <test-method signature="logoutWorks()[pri:0, instance:com.saucedemo.tests.TestLogoutPage@6c6cb480]" started-at="2025-09-09T14:26:51 IST" name="logoutWorks" finished-at="2025-09-09T14:26:57 IST" duration-ms="6311" status="PASS">
          <reporter-output>
          </reporter-output>
        </test-method> <!-- logoutWorks -->
        <test-method is-config="true" signature="tearDown(org.testng.ITestResult)[pri:0, instance:com.saucedemo.tests.TestLogoutPage@6c6cb480]" started-at="2025-09-09T14:26:57 IST" name="tearDown" finished-at="2025-09-09T14:26:58 IST" duration-ms="455" status="PASS">
          <params>
            <param index="0">
              <value>
                <![CDATA[[TestResult name=logoutWorks status=SUCCESS method=TestLogoutPage.logoutWorks()[pri:0, instance:com.saucedemo.tests.TestLogoutPage@6c6cb480] output={null}]]]>
              </value>
            </param>
          </params>
          <reporter-output>
          </reporter-output>
        </test-method> <!-- tearDown -->
      </class> <!-- com.saucedemo.tests.TestLogoutPage -->
      <class name="com.saucedemo.tests.LoginPageTest">
        <test-method is-config="true" signature="setUp(java.lang.String,java.lang.reflect.Method)[pri:0, instance:com.saucedemo.tests.LoginPageTest@7b2bbc3]" started-at="2025-09-09T14:24:25 IST" name="setUp" finished-at="2025-09-09T14:24:28 IST" duration-ms="2495" status="PASS">
          <params>
            <param index="0">
              <value>
                <![CDATA[chrome]]>
              </value>
            </param>
            <param index="1">
              <value>
                <![CDATA[public void com.saucedemo.tests.LoginPageTest.allValidUsersShouldLoginSuccessfully()]]>
              </value>
            </param>
          </params>
          <reporter-output>
          </reporter-output>
        </test-method> <!-- setUp -->
        <test-method signature="allValidUsersShouldLoginSuccessfully()[pri:0, instance:com.saucedemo.tests.LoginPageTest@7b2bbc3]" started-at="2025-09-09T14:24:28 IST" name="allValidUsersShouldLoginSuccessfully" finished-at="2025-09-09T14:24:42 IST" duration-ms="14259" status="PASS">
          <reporter-output>
          </reporter-output>
        </test-method> <!-- allValidUsersShouldLoginSuccessfully -->
        <test-method is-config="true" signature="tearDown(org.testng.ITestResult)[pri:0, instance:com.saucedemo.tests.LoginPageTest@7b2bbc3]" started-at="2025-09-09T14:24:42 IST" name="tearDown" finished-at="2025-09-09T14:24:42 IST" duration-ms="471" status="PASS">
          <params>
            <param index="0">
              <value>
                <![CDATA[[TestResult name=allValidUsersShouldLoginSuccessfully status=SUCCESS method=LoginPageTest.allValidUsersShouldLoginSuccessfully()[pri:0, instance:com.saucedemo.tests.LoginPageTest@7b2bbc3] output={null}]]]>
              </value>
            </param>
          </params>
          <reporter-output>
          </reporter-output>
        </test-method> <!-- tearDown -->
        <test-method is-config="true" signature="setUp(java.lang.String,java.lang.reflect.Method)[pri:0, instance:com.saucedemo.tests.LoginPageTest@7b2bbc3]" started-at="2025-09-09T14:24:42 IST" name="setUp" finished-at="2025-09-09T14:24:44 IST" duration-ms="1358" status="PASS">
          <params>
            <param index="0">
              <value>
                <![CDATA[chrome]]>
              </value>
            </param>
            <param index="1">
              <value>
                <![CDATA[public void com.saucedemo.tests.LoginPageTest.invalidUserShowsError()]]>
              </value>
            </param>
          </params>
          <reporter-output>
          </reporter-output>
        </test-method> <!-- setUp -->
        <test-method signature="invalidUserShowsError()[pri:0, instance:com.saucedemo.tests.LoginPageTest@7b2bbc3]" started-at="2025-09-09T14:24:44 IST" name="invalidUserShowsError" finished-at="2025-09-09T14:24:49 IST" duration-ms="4862" status="PASS">
          <reporter-output>
          </reporter-output>
        </test-method> <!-- invalidUserShowsError -->
        <test-method is-config="true" signature="tearDown(org.testng.ITestResult)[pri:0, instance:com.saucedemo.tests.LoginPageTest@7b2bbc3]" started-at="2025-09-09T14:24:49 IST" name="tearDown" finished-at="2025-09-09T14:24:49 IST" duration-ms="513" status="PASS">
          <params>
            <param index="0">
              <value>
                <![CDATA[[TestResult name=invalidUserShowsError status=SUCCESS method=LoginPageTest.invalidUserShowsError()[pri:0, instance:com.saucedemo.tests.LoginPageTest@7b2bbc3] output={null}]]]>
              </value>
            </param>
          </params>
          <reporter-output>
          </reporter-output>
        </test-method> <!-- tearDown -->
        <test-method is-config="true" signature="setUp(java.lang.String,java.lang.reflect.Method)[pri:0, instance:com.saucedemo.tests.LoginPageTest@7b2bbc3]" started-at="2025-09-09T14:24:49 IST" name="setUp" finished-at="2025-09-09T14:24:50 IST" duration-ms="1299" status="PASS">
          <params>
            <param index="0">
              <value>
                <![CDATA[chrome]]>
              </value>
            </param>
            <param index="1">
              <value>
                <![CDATA[public void com.saucedemo.tests.LoginPageTest.lockedOutUserShowsError()]]>
              </value>
            </param>
          </params>
          <reporter-output>
          </reporter-output>
        </test-method> <!-- setUp -->
        <test-method signature="lockedOutUserShowsError()[pri:0, instance:com.saucedemo.tests.LoginPageTest@7b2bbc3]" started-at="2025-09-09T14:24:50 IST" name="lockedOutUserShowsError" finished-at="2025-09-09T14:24:56 IST" duration-ms="5307" status="PASS">
          <reporter-output>
          </reporter-output>
        </test-method> <!-- lockedOutUserShowsError -->
        <test-method is-config="true" signature="tearDown(org.testng.ITestResult)[pri:0, instance:com.saucedemo.tests.LoginPageTest@7b2bbc3]" started-at="2025-09-09T14:24:56 IST" name="tearDown" finished-at="2025-09-09T14:24:56 IST" duration-ms="475" status="PASS">
          <params>
            <param index="0">
              <value>
                <![CDATA[[TestResult name=lockedOutUserShowsError status=SUCCESS method=LoginPageTest.lockedOutUserShowsError()[pri:0, instance:com.saucedemo.tests.LoginPageTest@7b2bbc3] output={null}]]]>
              </value>
            </param>
          </params>
          <reporter-output>
          </reporter-output>
        </test-method> <!-- tearDown -->
        <test-method is-config="true" signature="setUp(java.lang.String,java.lang.reflect.Method)[pri:0, instance:com.saucedemo.tests.LoginPageTest@7b2bbc3]" started-at="2025-09-09T14:24:56 IST" name="setUp" finished-at="2025-09-09T14:24:58 IST" duration-ms="1388" status="PASS">
          <params>
            <param index="0">
              <value>
                <![CDATA[chrome]]>
              </value>
            </param>
            <param index="1">
              <value>
                <![CDATA[public void com.saucedemo.tests.LoginPageTest.testPasswordRequiredError()]]>
              </value>
            </param>
          </params>
          <reporter-output>
          </reporter-output>
        </test-method> <!-- setUp -->
        <test-method signature="testPasswordRequiredError()[pri:0, instance:com.saucedemo.tests.LoginPageTest@7b2bbc3]" started-at="2025-09-09T14:24:58 IST" name="testPasswordRequiredError" finished-at="2025-09-09T14:25:02 IST" duration-ms="4496" status="PASS">
          <reporter-output>
          </reporter-output>
        </test-method> <!-- testPasswordRequiredError -->
        <test-method is-config="true" signature="tearDown(org.testng.ITestResult)[pri:0, instance:com.saucedemo.tests.LoginPageTest@7b2bbc3]" started-at="2025-09-09T14:25:02 IST" name="tearDown" finished-at="2025-09-09T14:25:03 IST" duration-ms="534" status="PASS">
          <params>
            <param index="0">
              <value>
                <![CDATA[[TestResult name=testPasswordRequiredError status=SUCCESS method=LoginPageTest.testPasswordRequiredError()[pri:0, instance:com.saucedemo.tests.LoginPageTest@7b2bbc3] output={null}]]]>
              </value>
            </param>
          </params>
          <reporter-output>
          </reporter-output>
        </test-method> <!-- tearDown -->
        <test-method is-config="true" signature="setUp(java.lang.String,java.lang.reflect.Method)[pri:0, instance:com.saucedemo.tests.LoginPageTest@7b2bbc3]" started-at="2025-09-09T14:25:03 IST" name="setUp" finished-at="2025-09-09T14:25:04 IST" duration-ms="1283" status="PASS">
          <params>
            <param index="0">
              <value>
                <![CDATA[chrome]]>
              </value>
            </param>
            <param index="1">
              <value>
                <![CDATA[public void com.saucedemo.tests.LoginPageTest.testUsernameRequiredError()]]>
              </value>
            </param>
          </params>
          <reporter-output>
          </reporter-output>
        </test-method> <!-- setUp -->
        <test-method signature="testUsernameRequiredError()[pri:0, instance:com.saucedemo.tests.LoginPageTest@7b2bbc3]" started-at="2025-09-09T14:25:04 IST" name="testUsernameRequiredError" finished-at="2025-09-09T14:25:09 IST" duration-ms="5002" status="PASS">
          <reporter-output>
          </reporter-output>
        </test-method> <!-- testUsernameRequiredError -->
        <test-method is-config="true" signature="tearDown(org.testng.ITestResult)[pri:0, instance:com.saucedemo.tests.LoginPageTest@7b2bbc3]" started-at="2025-09-09T14:25:09 IST" name="tearDown" finished-at="2025-09-09T14:25:09 IST" duration-ms="496" status="PASS">
          <params>
            <param index="0">
              <value>
                <![CDATA[[TestResult name=testUsernameRequiredError status=SUCCESS method=LoginPageTest.testUsernameRequiredError()[pri:0, instance:com.saucedemo.tests.LoginPageTest@7b2bbc3] output={null}]]]>
              </value>
            </param>
          </params>
          <reporter-output>
          </reporter-output>
        </test-method> <!-- tearDown -->
        <test-method is-config="true" signature="setUp(java.lang.String,java.lang.reflect.Method)[pri:0, instance:com.saucedemo.tests.LoginPageTest@7b2bbc3]" started-at="2025-09-09T14:25:09 IST" name="setUp" finished-at="2025-09-09T14:25:11 IST" duration-ms="1414" status="PASS">
          <params>
            <param index="0">
              <value>
                <![CDATA[chrome]]>
              </value>
            </param>
            <param index="1">
              <value>
                <![CDATA[public void com.saucedemo.tests.LoginPageTest.validLogin()]]>
              </value>
            </param>
          </params>
          <reporter-output>
          </reporter-output>
        </test-method> <!-- setUp -->
        <test-method signature="validLogin()[pri:0, instance:com.saucedemo.tests.LoginPageTest@7b2bbc3]" started-at="2025-09-09T14:25:11 IST" name="validLogin" finished-at="2025-09-09T14:25:17 IST" duration-ms="6167" status="PASS">
          <reporter-output>
          </reporter-output>
        </test-method> <!-- validLogin -->
        <test-method is-config="true" signature="tearDown(org.testng.ITestResult)[pri:0, instance:com.saucedemo.tests.LoginPageTest@7b2bbc3]" started-at="2025-09-09T14:25:17 IST" name="tearDown" finished-at="2025-09-09T14:25:17 IST" duration-ms="443" status="PASS">
          <params>
            <param index="0">
              <value>
                <![CDATA[[TestResult name=validLogin status=SUCCESS method=LoginPageTest.validLogin()[pri:0, instance:com.saucedemo.tests.LoginPageTest@7b2bbc3] output={null}]]]>
              </value>
            </param>
          </params>
          <reporter-output>
          </reporter-output>
        </test-method> <!-- tearDown -->
      </class> <!-- com.saucedemo.tests.LoginPageTest -->
    </test> <!-- UI Tests -->
  </suite> <!-- SauceDemo Test Suite -->
</testng-results>
