<?xml version="1.0" encoding="UTF-8"?>
<testng-results ignored="0" total="23" passed="23" failed="0" skipped="0">
  <reporter-output>
  </reporter-output>
  <suite started-at="2025-09-08T08:12:22 IST" name="SauceDemo Test Suite" finished-at="2025-09-08T08:13:43 IST" duration-ms="81099">
    <groups>
    </groups>
    <test started-at="2025-09-08T08:12:22 IST" name="UI Tests" finished-at="2025-09-08T08:13:43 IST" duration-ms="81099">
      <class name="com.saucedemo.tests.TestSortingProductPage">
        <test-method is-config="true" signature="setUp(java.lang.String,java.lang.reflect.Method)[pri:0, instance:com.saucedemo.tests.TestSortingProductPage@291caca8]" started-at="2025-09-08T08:13:19 IST" name="setUp" finished-at="2025-09-08T08:13:20 IST" duration-ms="875" status="PASS">
          <params>
            <param index="0">
              <value>
                <![CDATA[chrome]]>
              </value>
            </param>
            <param index="1">
              <value>
                <![CDATA[public void com.saucedemo.tests.TestSortingProductPage.sortByNameAtoZ()]]>
              </value>
            </param>
          </params>
          <reporter-output>
          </reporter-output>
        </test-method> <!-- setUp -->
        <test-method signature="sortByNameAtoZ()[pri:0, instance:com.saucedemo.tests.TestSortingProductPage@291caca8]" started-at="2025-09-08T08:13:20 IST" name="sortByNameAtoZ" finished-at="2025-09-08T08:13:22 IST" duration-ms="2391" status="PASS">
          <reporter-output>
          </reporter-output>
        </test-method> <!-- sortByNameAtoZ -->
        <test-method is-config="true" signature="tearDown(org.testng.ITestResult)[pri:0, instance:com.saucedemo.tests.TestSortingProductPage@291caca8]" started-at="2025-09-08T08:13:22 IST" name="tearDown" finished-at="2025-09-08T08:13:22 IST" duration-ms="345" status="PASS">
          <params>
            <param index="0">
              <value>
                <![CDATA[[TestResult name=sortByNameAtoZ status=SUCCESS method=TestSortingProductPage.sortByNameAtoZ()[pri:0, instance:com.saucedemo.tests.TestSortingProductPage@291caca8] output={null}]]]>
              </value>
            </param>
          </params>
          <reporter-output>
          </reporter-output>
        </test-method> <!-- tearDown -->
        <test-method is-config="true" signature="setUp(java.lang.String,java.lang.reflect.Method)[pri:0, instance:com.saucedemo.tests.TestSortingProductPage@291caca8]" started-at="2025-09-08T08:13:22 IST" name="setUp" finished-at="2025-09-08T08:13:23 IST" duration-ms="885" status="PASS">
          <params>
            <param index="0">
              <value>
                <![CDATA[chrome]]>
              </value>
            </param>
            <param index="1">
              <value>
                <![CDATA[public void com.saucedemo.tests.TestSortingProductPage.sortByNameZtoA()]]>
              </value>
            </param>
          </params>
          <reporter-output>
          </reporter-output>
        </test-method> <!-- setUp -->
        <test-method signature="sortByNameZtoA()[pri:0, instance:com.saucedemo.tests.TestSortingProductPage@291caca8]" started-at="2025-09-08T08:13:23 IST" name="sortByNameZtoA" finished-at="2025-09-08T08:13:25 IST" duration-ms="1649" status="PASS">
          <reporter-output>
          </reporter-output>
        </test-method> <!-- sortByNameZtoA -->
        <test-method is-config="true" signature="tearDown(org.testng.ITestResult)[pri:0, instance:com.saucedemo.tests.TestSortingProductPage@291caca8]" started-at="2025-09-08T08:13:25 IST" name="tearDown" finished-at="2025-09-08T08:13:25 IST" duration-ms="309" status="PASS">
          <params>
            <param index="0">
              <value>
                <![CDATA[[TestResult name=sortByNameZtoA status=SUCCESS method=TestSortingProductPage.sortByNameZtoA()[pri:0, instance:com.saucedemo.tests.TestSortingProductPage@291caca8] output={null}]]]>
              </value>
            </param>
          </params>
          <reporter-output>
          </reporter-output>
        </test-method> <!-- tearDown -->
        <test-method is-config="true" signature="setUp(java.lang.String,java.lang.reflect.Method)[pri:0, instance:com.saucedemo.tests.TestSortingProductPage@291caca8]" started-at="2025-09-08T08:13:25 IST" name="setUp" finished-at="2025-09-08T08:13:26 IST" duration-ms="940" status="PASS">
          <params>
            <param index="0">
              <value>
                <![CDATA[chrome]]>
              </value>
            </param>
            <param index="1">
              <value>
                <![CDATA[public void com.saucedemo.tests.TestSortingProductPage.sortByPriceHighToLow()]]>
              </value>
            </param>
          </params>
          <reporter-output>
          </reporter-output>
        </test-method> <!-- setUp -->
        <test-method signature="sortByPriceHighToLow()[pri:0, instance:com.saucedemo.tests.TestSortingProductPage@291caca8]" started-at="2025-09-08T08:13:26 IST" name="sortByPriceHighToLow" finished-at="2025-09-08T08:13:28 IST" duration-ms="1487" status="PASS">
          <reporter-output>
          </reporter-output>
        </test-method> <!-- sortByPriceHighToLow -->
        <test-method is-config="true" signature="tearDown(org.testng.ITestResult)[pri:0, instance:com.saucedemo.tests.TestSortingProductPage@291caca8]" started-at="2025-09-08T08:13:28 IST" name="tearDown" finished-at="2025-09-08T08:13:28 IST" duration-ms="359" status="PASS">
          <params>
            <param index="0">
              <value>
                <![CDATA[[TestResult name=sortByPriceHighToLow status=SUCCESS method=TestSortingProductPage.sortByPriceHighToLow()[pri:0, instance:com.saucedemo.tests.TestSortingProductPage@291caca8] output={null}]]]>
              </value>
            </param>
          </params>
          <reporter-output>
          </reporter-output>
        </test-method> <!-- tearDown -->
        <test-method is-config="true" signature="setUp(java.lang.String,java.lang.reflect.Method)[pri:0, instance:com.saucedemo.tests.TestSortingProductPage@291caca8]" started-at="2025-09-08T08:13:28 IST" name="setUp" finished-at="2025-09-08T08:13:29 IST" duration-ms="910" status="PASS">
          <params>
            <param index="0">
              <value>
                <![CDATA[chrome]]>
              </value>
            </param>
            <param index="1">
              <value>
                <![CDATA[public void com.saucedemo.tests.TestSortingProductPage.sortByPriceLowToHigh()]]>
              </value>
            </param>
          </params>
          <reporter-output>
          </reporter-output>
        </test-method> <!-- setUp -->
        <test-method signature="sortByPriceLowToHigh()[pri:0, instance:com.saucedemo.tests.TestSortingProductPage@291caca8]" started-at="2025-09-08T08:13:29 IST" name="sortByPriceLowToHigh" finished-at="2025-09-08T08:13:30 IST" duration-ms="1577" status="PASS">
          <reporter-output>
          </reporter-output>
        </test-method> <!-- sortByPriceLowToHigh -->
        <test-method is-config="true" signature="tearDown(org.testng.ITestResult)[pri:0, instance:com.saucedemo.tests.TestSortingProductPage@291caca8]" started-at="2025-09-08T08:13:30 IST" name="tearDown" finished-at="2025-09-08T08:13:31 IST" duration-ms="316" status="PASS">
          <params>
            <param index="0">
              <value>
                <![CDATA[[TestResult name=sortByPriceLowToHigh status=SUCCESS method=TestSortingProductPage.sortByPriceLowToHigh()[pri:0, instance:com.saucedemo.tests.TestSortingProductPage@291caca8] output={null}]]]>
              </value>
            </param>
          </params>
          <reporter-output>
          </reporter-output>
        </test-method> <!-- tearDown -->
      </class> <!-- com.saucedemo.tests.TestSortingProductPage -->
      <class name="com.saucedemo.tests.TestAddToCartPage">
        <test-method is-config="true" signature="setUp(java.lang.String,java.lang.reflect.Method)[pri:0, instance:com.saucedemo.tests.TestAddToCartPage@41a2befb]" started-at="2025-09-08T08:12:52 IST" name="setUp" finished-at="2025-09-08T08:12:53 IST" duration-ms="876" status="PASS">
          <params>
            <param index="0">
              <value>
                <![CDATA[chrome]]>
              </value>
            </param>
            <param index="1">
              <value>
                <![CDATA[public void com.saucedemo.tests.TestAddToCartPage.addItemUpdatesCartBadge()]]>
              </value>
            </param>
          </params>
          <reporter-output>
          </reporter-output>
        </test-method> <!-- setUp -->
        <test-method is-config="true" signature="loginBeforeEachTest()[pri:0, instance:com.saucedemo.tests.TestAddToCartPage@41a2befb]" started-at="2025-09-08T08:12:53 IST" name="loginBeforeEachTest" finished-at="2025-09-08T08:12:54 IST" duration-ms="1300" status="PASS">
          <reporter-output>
          </reporter-output>
        </test-method> <!-- loginBeforeEachTest -->
        <test-method signature="addItemUpdatesCartBadge()[pri:0, instance:com.saucedemo.tests.TestAddToCartPage@41a2befb]" started-at="2025-09-08T08:12:54 IST" name="addItemUpdatesCartBadge" finished-at="2025-09-08T08:12:55 IST" duration-ms="116" status="PASS">
          <reporter-output>
          </reporter-output>
        </test-method> <!-- addItemUpdatesCartBadge -->
        <test-method is-config="true" signature="tearDown(org.testng.ITestResult)[pri:0, instance:com.saucedemo.tests.TestAddToCartPage@41a2befb]" started-at="2025-09-08T08:12:55 IST" name="tearDown" finished-at="2025-09-08T08:12:55 IST" duration-ms="324" status="PASS">
          <params>
            <param index="0">
              <value>
                <![CDATA[[TestResult name=addItemUpdatesCartBadge status=SUCCESS method=TestAddToCartPage.addItemUpdatesCartBadge()[pri:0, instance:com.saucedemo.tests.TestAddToCartPage@41a2befb] output={null}]]]>
              </value>
            </param>
          </params>
          <reporter-output>
          </reporter-output>
        </test-method> <!-- tearDown -->
        <test-method is-config="true" signature="setUp(java.lang.String,java.lang.reflect.Method)[pri:0, instance:com.saucedemo.tests.TestAddToCartPage@41a2befb]" started-at="2025-09-08T08:12:55 IST" name="setUp" finished-at="2025-09-08T08:12:56 IST" duration-ms="966" status="PASS">
          <params>
            <param index="0">
              <value>
                <![CDATA[chrome]]>
              </value>
            </param>
            <param index="1">
              <value>
                <![CDATA[public void com.saucedemo.tests.TestAddToCartPage.cartBadgeAccumulatesItems()]]>
              </value>
            </param>
          </params>
          <reporter-output>
          </reporter-output>
        </test-method> <!-- setUp -->
        <test-method is-config="true" signature="loginBeforeEachTest()[pri:0, instance:com.saucedemo.tests.TestAddToCartPage@41a2befb]" started-at="2025-09-08T08:12:56 IST" name="loginBeforeEachTest" finished-at="2025-09-08T08:12:58 IST" duration-ms="1876" status="PASS">
          <reporter-output>
          </reporter-output>
        </test-method> <!-- loginBeforeEachTest -->
        <test-method signature="cartBadgeAccumulatesItems()[pri:0, instance:com.saucedemo.tests.TestAddToCartPage@41a2befb]" started-at="2025-09-08T08:12:58 IST" name="cartBadgeAccumulatesItems" finished-at="2025-09-08T08:12:58 IST" duration-ms="156" status="PASS">
          <reporter-output>
          </reporter-output>
        </test-method> <!-- cartBadgeAccumulatesItems -->
        <test-method is-config="true" signature="tearDown(org.testng.ITestResult)[pri:0, instance:com.saucedemo.tests.TestAddToCartPage@41a2befb]" started-at="2025-09-08T08:12:58 IST" name="tearDown" finished-at="2025-09-08T08:12:58 IST" duration-ms="329" status="PASS">
          <params>
            <param index="0">
              <value>
                <![CDATA[[TestResult name=cartBadgeAccumulatesItems status=SUCCESS method=TestAddToCartPage.cartBadgeAccumulatesItems()[pri:0, instance:com.saucedemo.tests.TestAddToCartPage@41a2befb] output={null}]]]>
              </value>
            </param>
          </params>
          <reporter-output>
          </reporter-output>
        </test-method> <!-- tearDown -->
        <test-method is-config="true" signature="setUp(java.lang.String,java.lang.reflect.Method)[pri:0, instance:com.saucedemo.tests.TestAddToCartPage@41a2befb]" started-at="2025-09-08T08:12:58 IST" name="setUp" finished-at="2025-09-08T08:12:59 IST" duration-ms="940" status="PASS">
          <params>
            <param index="0">
              <value>
                <![CDATA[chrome]]>
              </value>
            </param>
            <param index="1">
              <value>
                <![CDATA[public void com.saucedemo.tests.TestAddToCartPage.cartBadgeNotVisibleWhenEmpty()]]>
              </value>
            </param>
          </params>
          <reporter-output>
          </reporter-output>
        </test-method> <!-- setUp -->
        <test-method is-config="true" signature="loginBeforeEachTest()[pri:0, instance:com.saucedemo.tests.TestAddToCartPage@41a2befb]" started-at="2025-09-08T08:12:59 IST" name="loginBeforeEachTest" finished-at="2025-09-08T08:13:00 IST" duration-ms="1325" status="PASS">
          <reporter-output>
          </reporter-output>
        </test-method> <!-- loginBeforeEachTest -->
        <test-method signature="cartBadgeNotVisibleWhenEmpty()[pri:0, instance:com.saucedemo.tests.TestAddToCartPage@41a2befb]" started-at="2025-09-08T08:13:00 IST" name="cartBadgeNotVisibleWhenEmpty" finished-at="2025-09-08T08:13:00 IST" duration-ms="20" status="PASS">
          <reporter-output>
          </reporter-output>
        </test-method> <!-- cartBadgeNotVisibleWhenEmpty -->
        <test-method is-config="true" signature="tearDown(org.testng.ITestResult)[pri:0, instance:com.saucedemo.tests.TestAddToCartPage@41a2befb]" started-at="2025-09-08T08:13:00 IST" name="tearDown" finished-at="2025-09-08T08:13:01 IST" duration-ms="359" status="PASS">
          <params>
            <param index="0">
              <value>
                <![CDATA[[TestResult name=cartBadgeNotVisibleWhenEmpty status=SUCCESS method=TestAddToCartPage.cartBadgeNotVisibleWhenEmpty()[pri:0, instance:com.saucedemo.tests.TestAddToCartPage@41a2befb] output={null}]]]>
              </value>
            </param>
          </params>
          <reporter-output>
          </reporter-output>
        </test-method> <!-- tearDown -->
        <test-method is-config="true" signature="setUp(java.lang.String,java.lang.reflect.Method)[pri:0, instance:com.saucedemo.tests.TestAddToCartPage@41a2befb]" started-at="2025-09-08T08:13:01 IST" name="setUp" finished-at="2025-09-08T08:13:02 IST" duration-ms="939" status="PASS">
          <params>
            <param index="0">
              <value>
                <![CDATA[chrome]]>
              </value>
            </param>
            <param index="1">
              <value>
                <![CDATA[public void com.saucedemo.tests.TestAddToCartPage.cartLinkNavigatesToCartPage()]]>
              </value>
            </param>
          </params>
          <reporter-output>
          </reporter-output>
        </test-method> <!-- setUp -->
        <test-method is-config="true" signature="loginBeforeEachTest()[pri:0, instance:com.saucedemo.tests.TestAddToCartPage@41a2befb]" started-at="2025-09-08T08:13:02 IST" name="loginBeforeEachTest" finished-at="2025-09-08T08:13:03 IST" duration-ms="1289" status="PASS">
          <reporter-output>
          </reporter-output>
        </test-method> <!-- loginBeforeEachTest -->
        <test-method signature="cartLinkNavigatesToCartPage()[pri:0, instance:com.saucedemo.tests.TestAddToCartPage@41a2befb]" started-at="2025-09-08T08:13:03 IST" name="cartLinkNavigatesToCartPage" finished-at="2025-09-08T08:13:03 IST" duration-ms="201" status="PASS">
          <reporter-output>
          </reporter-output>
        </test-method> <!-- cartLinkNavigatesToCartPage -->
        <test-method is-config="true" signature="tearDown(org.testng.ITestResult)[pri:0, instance:com.saucedemo.tests.TestAddToCartPage@41a2befb]" started-at="2025-09-08T08:13:03 IST" name="tearDown" finished-at="2025-09-08T08:13:04 IST" duration-ms="272" status="PASS">
          <params>
            <param index="0">
              <value>
                <![CDATA[[TestResult name=cartLinkNavigatesToCartPage status=SUCCESS method=TestAddToCartPage.cartLinkNavigatesToCartPage()[pri:0, instance:com.saucedemo.tests.TestAddToCartPage@41a2befb] output={null}]]]>
              </value>
            </param>
          </params>
          <reporter-output>
          </reporter-output>
        </test-method> <!-- tearDown -->
        <test-method is-config="true" signature="setUp(java.lang.String,java.lang.reflect.Method)[pri:0, instance:com.saucedemo.tests.TestAddToCartPage@41a2befb]" started-at="2025-09-08T08:13:04 IST" name="setUp" finished-at="2025-09-08T08:13:05 IST" duration-ms="1056" status="PASS">
          <params>
            <param index="0">
              <value>
                <![CDATA[chrome]]>
              </value>
            </param>
            <param index="1">
              <value>
                <![CDATA[public void com.saucedemo.tests.TestAddToCartPage.removeItemUpdatesCartBadgeToZero()]]>
              </value>
            </param>
          </params>
          <reporter-output>
          </reporter-output>
        </test-method> <!-- setUp -->
        <test-method is-config="true" signature="loginBeforeEachTest()[pri:0, instance:com.saucedemo.tests.TestAddToCartPage@41a2befb]" started-at="2025-09-08T08:13:05 IST" name="loginBeforeEachTest" finished-at="2025-09-08T08:13:06 IST" duration-ms="1348" status="PASS">
          <reporter-output>
          </reporter-output>
        </test-method> <!-- loginBeforeEachTest -->
        <test-method signature="removeItemUpdatesCartBadgeToZero()[pri:0, instance:com.saucedemo.tests.TestAddToCartPage@41a2befb]" started-at="2025-09-08T08:13:06 IST" name="removeItemUpdatesCartBadgeToZero" finished-at="2025-09-08T08:13:06 IST" duration-ms="142" status="PASS">
          <reporter-output>
          </reporter-output>
        </test-method> <!-- removeItemUpdatesCartBadgeToZero -->
        <test-method is-config="true" signature="tearDown(org.testng.ITestResult)[pri:0, instance:com.saucedemo.tests.TestAddToCartPage@41a2befb]" started-at="2025-09-08T08:13:06 IST" name="tearDown" finished-at="2025-09-08T08:13:06 IST" duration-ms="326" status="PASS">
          <params>
            <param index="0">
              <value>
                <![CDATA[[TestResult name=removeItemUpdatesCartBadgeToZero status=SUCCESS method=TestAddToCartPage.removeItemUpdatesCartBadgeToZero()[pri:0, instance:com.saucedemo.tests.TestAddToCartPage@41a2befb] output={null}]]]>
              </value>
            </param>
          </params>
          <reporter-output>
          </reporter-output>
        </test-method> <!-- tearDown -->
      </class> <!-- com.saucedemo.tests.TestAddToCartPage -->
      <class name="com.saucedemo.tests.TestCartBadgeCountValidationPage">
        <test-method is-config="true" signature="setUp(java.lang.String,java.lang.reflect.Method)[pri:0, instance:com.saucedemo.tests.TestCartBadgeCountValidationPage@5b94b04d]" started-at="2025-09-08T08:13:34 IST" name="setUp" finished-at="2025-09-08T08:13:35 IST" duration-ms="912" status="PASS">
          <params>
            <param index="0">
              <value>
                <![CDATA[chrome]]>
              </value>
            </param>
            <param index="1">
              <value>
                <![CDATA[public void com.saucedemo.tests.TestCartBadgeCountValidationPage.badgeIncrementsWhenAddingItems()]]>
              </value>
            </param>
          </params>
          <reporter-output>
          </reporter-output>
        </test-method> <!-- setUp -->
        <test-method is-config="true" signature="loginAndSetup()[pri:0, instance:com.saucedemo.tests.TestCartBadgeCountValidationPage@5b94b04d]" started-at="2025-09-08T08:13:35 IST" name="loginAndSetup" finished-at="2025-09-08T08:13:36 IST" duration-ms="1464" status="PASS">
          <reporter-output>
          </reporter-output>
        </test-method> <!-- loginAndSetup -->
        <test-method signature="badgeIncrementsWhenAddingItems()[pri:0, instance:com.saucedemo.tests.TestCartBadgeCountValidationPage@5b94b04d]" started-at="2025-09-08T08:13:36 IST" name="badgeIncrementsWhenAddingItems" finished-at="2025-09-08T08:13:36 IST" duration-ms="136" status="PASS">
          <reporter-output>
          </reporter-output>
        </test-method> <!-- badgeIncrementsWhenAddingItems -->
        <test-method is-config="true" signature="tearDown(org.testng.ITestResult)[pri:0, instance:com.saucedemo.tests.TestCartBadgeCountValidationPage@5b94b04d]" started-at="2025-09-08T08:13:36 IST" name="tearDown" finished-at="2025-09-08T08:13:37 IST" duration-ms="279" status="PASS">
          <params>
            <param index="0">
              <value>
                <![CDATA[[TestResult name=badgeIncrementsWhenAddingItems status=SUCCESS method=TestCartBadgeCountValidationPage.badgeIncrementsWhenAddingItems()[pri:0, instance:com.saucedemo.tests.TestCartBadgeCountValidationPage@5b94b04d] output={null}]]]>
              </value>
            </param>
          </params>
          <reporter-output>
          </reporter-output>
        </test-method> <!-- tearDown -->
        <test-method is-config="true" signature="setUp(java.lang.String,java.lang.reflect.Method)[pri:0, instance:com.saucedemo.tests.TestCartBadgeCountValidationPage@5b94b04d]" started-at="2025-09-08T08:13:37 IST" name="setUp" finished-at="2025-09-08T08:13:38 IST" duration-ms="920" status="PASS">
          <params>
            <param index="0">
              <value>
                <![CDATA[chrome]]>
              </value>
            </param>
            <param index="1">
              <value>
                <![CDATA[public void com.saucedemo.tests.TestCartBadgeCountValidationPage.badgeShowsTwoWhenAddingTwoItems()]]>
              </value>
            </param>
          </params>
          <reporter-output>
          </reporter-output>
        </test-method> <!-- setUp -->
        <test-method is-config="true" signature="loginAndSetup()[pri:0, instance:com.saucedemo.tests.TestCartBadgeCountValidationPage@5b94b04d]" started-at="2025-09-08T08:13:38 IST" name="loginAndSetup" finished-at="2025-09-08T08:13:40 IST" duration-ms="1888" status="PASS">
          <reporter-output>
          </reporter-output>
        </test-method> <!-- loginAndSetup -->
        <test-method signature="badgeShowsTwoWhenAddingTwoItems()[pri:0, instance:com.saucedemo.tests.TestCartBadgeCountValidationPage@5b94b04d]" started-at="2025-09-08T08:13:40 IST" name="badgeShowsTwoWhenAddingTwoItems" finished-at="2025-09-08T08:13:40 IST" duration-ms="241" status="PASS">
          <reporter-output>
          </reporter-output>
        </test-method> <!-- badgeShowsTwoWhenAddingTwoItems -->
        <test-method is-config="true" signature="tearDown(org.testng.ITestResult)[pri:0, instance:com.saucedemo.tests.TestCartBadgeCountValidationPage@5b94b04d]" started-at="2025-09-08T08:13:40 IST" name="tearDown" finished-at="2025-09-08T08:13:40 IST" duration-ms="347" status="PASS">
          <params>
            <param index="0">
              <value>
                <![CDATA[[TestResult name=badgeShowsTwoWhenAddingTwoItems status=SUCCESS method=TestCartBadgeCountValidationPage.badgeShowsTwoWhenAddingTwoItems()[pri:0, instance:com.saucedemo.tests.TestCartBadgeCountValidationPage@5b94b04d] output={null}]]]>
              </value>
            </param>
          </params>
          <reporter-output>
          </reporter-output>
        </test-method> <!-- tearDown -->
        <test-method is-config="true" signature="setUp(java.lang.String,java.lang.reflect.Method)[pri:0, instance:com.saucedemo.tests.TestCartBadgeCountValidationPage@5b94b04d]" started-at="2025-09-08T08:13:40 IST" name="setUp" finished-at="2025-09-08T08:13:41 IST" duration-ms="892" status="PASS">
          <params>
            <param index="0">
              <value>
                <![CDATA[chrome]]>
              </value>
            </param>
            <param index="1">
              <value>
                <![CDATA[public void com.saucedemo.tests.TestCartBadgeCountValidationPage.badgeUpdatesAfterRemovingItem()]]>
              </value>
            </param>
          </params>
          <reporter-output>
          </reporter-output>
        </test-method> <!-- setUp -->
        <test-method is-config="true" signature="loginAndSetup()[pri:0, instance:com.saucedemo.tests.TestCartBadgeCountValidationPage@5b94b04d]" started-at="2025-09-08T08:13:41 IST" name="loginAndSetup" finished-at="2025-09-08T08:13:42 IST" duration-ms="1464" status="PASS">
          <reporter-output>
          </reporter-output>
        </test-method> <!-- loginAndSetup -->
        <test-method signature="badgeUpdatesAfterRemovingItem()[pri:0, instance:com.saucedemo.tests.TestCartBadgeCountValidationPage@5b94b04d]" started-at="2025-09-08T08:13:42 IST" name="badgeUpdatesAfterRemovingItem" finished-at="2025-09-08T08:13:43 IST" duration-ms="253" status="PASS">
          <reporter-output>
          </reporter-output>
        </test-method> <!-- badgeUpdatesAfterRemovingItem -->
        <test-method is-config="true" signature="tearDown(org.testng.ITestResult)[pri:0, instance:com.saucedemo.tests.TestCartBadgeCountValidationPage@5b94b04d]" started-at="2025-09-08T08:13:43 IST" name="tearDown" finished-at="2025-09-08T08:13:43 IST" duration-ms="304" status="PASS">
          <params>
            <param index="0">
              <value>
                <![CDATA[[TestResult name=badgeUpdatesAfterRemovingItem status=SUCCESS method=TestCartBadgeCountValidationPage.badgeUpdatesAfterRemovingItem()[pri:0, instance:com.saucedemo.tests.TestCartBadgeCountValidationPage@5b94b04d] output={null}]]]>
              </value>
            </param>
          </params>
          <reporter-output>
          </reporter-output>
        </test-method> <!-- tearDown -->
      </class> <!-- com.saucedemo.tests.TestCartBadgeCountValidationPage -->
      <class name="com.saucedemo.tests.BaseTest">
        <test-method is-config="true" signature="beforeSuite()[pri:0, instance:com.saucedemo.tests.BaseTest@2925bf5b]" started-at="2025-09-08T08:12:22 IST" name="beforeSuite" finished-at="2025-09-08T08:12:22 IST" duration-ms="272" status="PASS">
          <reporter-output>
          </reporter-output>
        </test-method> <!-- beforeSuite -->
        <test-method is-config="true" signature="afterSuite()[pri:0, instance:com.saucedemo.tests.BaseTest@2925bf5b]" started-at="2025-09-08T08:13:43 IST" name="afterSuite" finished-at="2025-09-08T08:13:43 IST" duration-ms="289" status="PASS">
          <reporter-output>
          </reporter-output>
        </test-method> <!-- afterSuite -->
      </class> <!-- com.saucedemo.tests.BaseTest -->
      <class name="com.saucedemo.tests.TestCheckoutPage">
        <test-method is-config="true" signature="setUp(java.lang.String,java.lang.reflect.Method)[pri:0, instance:com.saucedemo.tests.TestCheckoutPage@399c4be1]" started-at="2025-09-08T08:13:06 IST" name="setUp" finished-at="2025-09-08T08:13:07 IST" duration-ms="923" status="PASS">
          <params>
            <param index="0">
              <value>
                <![CDATA[chrome]]>
              </value>
            </param>
            <param index="1">
              <value>
                <![CDATA[public void com.saucedemo.tests.TestCheckoutPage.cancelCheckoutShouldReturnToCart()]]>
              </value>
            </param>
          </params>
          <reporter-output>
          </reporter-output>
        </test-method> <!-- setUp -->
        <test-method signature="cancelCheckoutShouldReturnToCart()[pri:0, instance:com.saucedemo.tests.TestCheckoutPage@399c4be1]" started-at="2025-09-08T08:13:07 IST" name="cancelCheckoutShouldReturnToCart" finished-at="2025-09-08T08:13:09 IST" duration-ms="1550" status="PASS">
          <reporter-output>
          </reporter-output>
        </test-method> <!-- cancelCheckoutShouldReturnToCart -->
        <test-method is-config="true" signature="tearDown(org.testng.ITestResult)[pri:0, instance:com.saucedemo.tests.TestCheckoutPage@399c4be1]" started-at="2025-09-08T08:13:09 IST" name="tearDown" finished-at="2025-09-08T08:13:09 IST" duration-ms="270" status="PASS">
          <params>
            <param index="0">
              <value>
                <![CDATA[[TestResult name=cancelCheckoutShouldReturnToCart status=SUCCESS method=TestCheckoutPage.cancelCheckoutShouldReturnToCart()[pri:0, instance:com.saucedemo.tests.TestCheckoutPage@399c4be1] output={null}]]]>
              </value>
            </param>
          </params>
          <reporter-output>
          </reporter-output>
        </test-method> <!-- tearDown -->
        <test-method is-config="true" signature="setUp(java.lang.String,java.lang.reflect.Method)[pri:0, instance:com.saucedemo.tests.TestCheckoutPage@399c4be1]" started-at="2025-09-08T08:13:09 IST" name="setUp" finished-at="2025-09-08T08:13:10 IST" duration-ms="956" status="PASS">
          <params>
            <param index="0">
              <value>
                <![CDATA[chrome]]>
              </value>
            </param>
            <param index="1">
              <value>
                <![CDATA[public void com.saucedemo.tests.TestCheckoutPage.cannotCheckoutWithEmptyCart()]]>
              </value>
            </param>
          </params>
          <reporter-output>
          </reporter-output>
        </test-method> <!-- setUp -->
        <test-method signature="cannotCheckoutWithEmptyCart()[pri:0, instance:com.saucedemo.tests.TestCheckoutPage@399c4be1]" started-at="2025-09-08T08:13:10 IST" name="cannotCheckoutWithEmptyCart" finished-at="2025-09-08T08:13:12 IST" duration-ms="1852" status="PASS">
          <reporter-output>
          </reporter-output>
        </test-method> <!-- cannotCheckoutWithEmptyCart -->
        <test-method is-config="true" signature="tearDown(org.testng.ITestResult)[pri:0, instance:com.saucedemo.tests.TestCheckoutPage@399c4be1]" started-at="2025-09-08T08:13:12 IST" name="tearDown" finished-at="2025-09-08T08:13:12 IST" duration-ms="266" status="PASS">
          <params>
            <param index="0">
              <value>
                <![CDATA[[TestResult name=cannotCheckoutWithEmptyCart status=SUCCESS method=TestCheckoutPage.cannotCheckoutWithEmptyCart()[pri:0, instance:com.saucedemo.tests.TestCheckoutPage@399c4be1] output={null}]]]>
              </value>
            </param>
          </params>
          <reporter-output>
          </reporter-output>
        </test-method> <!-- tearDown -->
        <test-method is-config="true" signature="setUp(java.lang.String,java.lang.reflect.Method)[pri:0, instance:com.saucedemo.tests.TestCheckoutPage@399c4be1]" started-at="2025-09-08T08:13:12 IST" name="setUp" finished-at="2025-09-08T08:13:13 IST" duration-ms="924" status="PASS">
          <params>
            <param index="0">
              <value>
                <![CDATA[chrome]]>
              </value>
            </param>
            <param index="1">
              <value>
                <![CDATA[public void com.saucedemo.tests.TestCheckoutPage.checkoutShowsCorrectConfirmationMessage()]]>
              </value>
            </param>
          </params>
          <reporter-output>
          </reporter-output>
        </test-method> <!-- setUp -->
        <test-method signature="checkoutShowsCorrectConfirmationMessage()[pri:0, instance:com.saucedemo.tests.TestCheckoutPage@399c4be1]" started-at="2025-09-08T08:13:13 IST" name="checkoutShowsCorrectConfirmationMessage" finished-at="2025-09-08T08:13:15 IST" duration-ms="2060" status="PASS">
          <reporter-output>
          </reporter-output>
        </test-method> <!-- checkoutShowsCorrectConfirmationMessage -->
        <test-method is-config="true" signature="tearDown(org.testng.ITestResult)[pri:0, instance:com.saucedemo.tests.TestCheckoutPage@399c4be1]" started-at="2025-09-08T08:13:15 IST" name="tearDown" finished-at="2025-09-08T08:13:15 IST" duration-ms="263" status="PASS">
          <params>
            <param index="0">
              <value>
                <![CDATA[[TestResult name=checkoutShowsCorrectConfirmationMessage status=SUCCESS method=TestCheckoutPage.checkoutShowsCorrectConfirmationMessage()[pri:0, instance:com.saucedemo.tests.TestCheckoutPage@399c4be1] output={null}]]]>
              </value>
            </param>
          </params>
          <reporter-output>
          </reporter-output>
        </test-method> <!-- tearDown -->
        <test-method is-config="true" signature="setUp(java.lang.String,java.lang.reflect.Method)[pri:0, instance:com.saucedemo.tests.TestCheckoutPage@399c4be1]" started-at="2025-09-08T08:13:15 IST" name="setUp" finished-at="2025-09-08T08:13:16 IST" duration-ms="912" status="PASS">
          <params>
            <param index="0">
              <value>
                <![CDATA[chrome]]>
              </value>
            </param>
            <param index="1">
              <value>
                <![CDATA[public void com.saucedemo.tests.TestCheckoutPage.completeCheckoutFlow()]]>
              </value>
            </param>
          </params>
          <reporter-output>
          </reporter-output>
        </test-method> <!-- setUp -->
        <test-method signature="completeCheckoutFlow()[pri:0, instance:com.saucedemo.tests.TestCheckoutPage@399c4be1]" started-at="2025-09-08T08:13:16 IST" name="completeCheckoutFlow" finished-at="2025-09-08T08:13:18 IST" duration-ms="2072" status="PASS">
          <reporter-output>
          </reporter-output>
        </test-method> <!-- completeCheckoutFlow -->
        <test-method is-config="true" signature="tearDown(org.testng.ITestResult)[pri:0, instance:com.saucedemo.tests.TestCheckoutPage@399c4be1]" started-at="2025-09-08T08:13:18 IST" name="tearDown" finished-at="2025-09-08T08:13:19 IST" duration-ms="267" status="PASS">
          <params>
            <param index="0">
              <value>
                <![CDATA[[TestResult name=completeCheckoutFlow status=SUCCESS method=TestCheckoutPage.completeCheckoutFlow()[pri:0, instance:com.saucedemo.tests.TestCheckoutPage@399c4be1] output={null}]]]>
              </value>
            </param>
          </params>
          <reporter-output>
          </reporter-output>
        </test-method> <!-- tearDown -->
      </class> <!-- com.saucedemo.tests.TestCheckoutPage -->
      <class name="com.saucedemo.tests.TestHomePage">
        <test-method is-config="true" signature="setUp(java.lang.String,java.lang.reflect.Method)[pri:0, instance:com.saucedemo.tests.TestHomePage@77f1baf5]" started-at="2025-09-08T08:12:50 IST" name="setUp" finished-at="2025-09-08T08:12:50 IST" duration-ms="887" status="PASS">
          <params>
            <param index="0">
              <value>
                <![CDATA[chrome]]>
              </value>
            </param>
            <param index="1">
              <value>
                <![CDATA[public void com.saucedemo.tests.TestHomePage.headerVisibleAfterLogin()]]>
              </value>
            </param>
          </params>
          <reporter-output>
          </reporter-output>
        </test-method> <!-- setUp -->
        <test-method signature="headerVisibleAfterLogin()[pri:0, instance:com.saucedemo.tests.TestHomePage@77f1baf5]" started-at="2025-09-08T08:12:50 IST" name="headerVisibleAfterLogin" finished-at="2025-09-08T08:12:52 IST" duration-ms="1416" status="PASS">
          <reporter-output>
          </reporter-output>
        </test-method> <!-- headerVisibleAfterLogin -->
        <test-method is-config="true" signature="tearDown(org.testng.ITestResult)[pri:0, instance:com.saucedemo.tests.TestHomePage@77f1baf5]" started-at="2025-09-08T08:12:52 IST" name="tearDown" finished-at="2025-09-08T08:12:52 IST" duration-ms="393" status="PASS">
          <params>
            <param index="0">
              <value>
                <![CDATA[[TestResult name=headerVisibleAfterLogin status=SUCCESS method=TestHomePage.headerVisibleAfterLogin()[pri:0, instance:com.saucedemo.tests.TestHomePage@77f1baf5] output={null}]]]>
              </value>
            </param>
          </params>
          <reporter-output>
          </reporter-output>
        </test-method> <!-- tearDown -->
      </class> <!-- com.saucedemo.tests.TestHomePage -->
      <class name="com.saucedemo.tests.TestLogoutPage">
        <test-method is-config="true" signature="setUp(java.lang.String,java.lang.reflect.Method)[pri:0, instance:com.saucedemo.tests.TestLogoutPage@385e9564]" started-at="2025-09-08T08:13:31 IST" name="setUp" finished-at="2025-09-08T08:13:32 IST" duration-ms="934" status="PASS">
          <params>
            <param index="0">
              <value>
                <![CDATA[chrome]]>
              </value>
            </param>
            <param index="1">
              <value>
                <![CDATA[public void com.saucedemo.tests.TestLogoutPage.logoutWorks() throws java.lang.InterruptedException]]>
              </value>
            </param>
          </params>
          <reporter-output>
          </reporter-output>
        </test-method> <!-- setUp -->
        <test-method signature="logoutWorks()[pri:0, instance:com.saucedemo.tests.TestLogoutPage@385e9564]" started-at="2025-09-08T08:13:32 IST" name="logoutWorks" finished-at="2025-09-08T08:13:34 IST" duration-ms="1975" status="PASS">
          <reporter-output>
          </reporter-output>
        </test-method> <!-- logoutWorks -->
        <test-method is-config="true" signature="tearDown(org.testng.ITestResult)[pri:0, instance:com.saucedemo.tests.TestLogoutPage@385e9564]" started-at="2025-09-08T08:13:34 IST" name="tearDown" finished-at="2025-09-08T08:13:34 IST" duration-ms="225" status="PASS">
          <params>
            <param index="0">
              <value>
                <![CDATA[[TestResult name=logoutWorks status=SUCCESS method=TestLogoutPage.logoutWorks()[pri:0, instance:com.saucedemo.tests.TestLogoutPage@385e9564] output={null}]]]>
              </value>
            </param>
          </params>
          <reporter-output>
          </reporter-output>
        </test-method> <!-- tearDown -->
      </class> <!-- com.saucedemo.tests.TestLogoutPage -->
      <class name="com.saucedemo.tests.LoginPageTest">
        <test-method is-config="true" signature="setUp(java.lang.String,java.lang.reflect.Method)[pri:0, instance:com.saucedemo.tests.LoginPageTest@7d20d0b]" started-at="2025-09-08T08:12:22 IST" name="setUp" finished-at="2025-09-08T08:12:26 IST" duration-ms="3918" status="PASS">
          <params>
            <param index="0">
              <value>
                <![CDATA[chrome]]>
              </value>
            </param>
            <param index="1">
              <value>
                <![CDATA[public void com.saucedemo.tests.LoginPageTest.allValidUsersShouldLoginSuccessfully()]]>
              </value>
            </param>
          </params>
          <reporter-output>
          </reporter-output>
        </test-method> <!-- setUp -->
        <test-method signature="allValidUsersShouldLoginSuccessfully()[pri:0, instance:com.saucedemo.tests.LoginPageTest@7d20d0b]" started-at="2025-09-08T08:12:26 IST" name="allValidUsersShouldLoginSuccessfully" finished-at="2025-09-08T08:12:36 IST" duration-ms="10228" status="PASS">
          <reporter-output>
          </reporter-output>
        </test-method> <!-- allValidUsersShouldLoginSuccessfully -->
        <test-method is-config="true" signature="tearDown(org.testng.ITestResult)[pri:0, instance:com.saucedemo.tests.LoginPageTest@7d20d0b]" started-at="2025-09-08T08:12:36 IST" name="tearDown" finished-at="2025-09-08T08:12:36 IST" duration-ms="303" status="PASS">
          <params>
            <param index="0">
              <value>
                <![CDATA[[TestResult name=allValidUsersShouldLoginSuccessfully status=SUCCESS method=LoginPageTest.allValidUsersShouldLoginSuccessfully()[pri:0, instance:com.saucedemo.tests.LoginPageTest@7d20d0b] output={null}]]]>
              </value>
            </param>
          </params>
          <reporter-output>
          </reporter-output>
        </test-method> <!-- tearDown -->
        <test-method is-config="true" signature="setUp(java.lang.String,java.lang.reflect.Method)[pri:0, instance:com.saucedemo.tests.LoginPageTest@7d20d0b]" started-at="2025-09-08T08:12:36 IST" name="setUp" finished-at="2025-09-08T08:12:38 IST" duration-ms="1076" status="PASS">
          <params>
            <param index="0">
              <value>
                <![CDATA[chrome]]>
              </value>
            </param>
            <param index="1">
              <value>
                <![CDATA[public void com.saucedemo.tests.LoginPageTest.invalidUserShowsError()]]>
              </value>
            </param>
          </params>
          <reporter-output>
          </reporter-output>
        </test-method> <!-- setUp -->
        <test-method signature="invalidUserShowsError()[pri:0, instance:com.saucedemo.tests.LoginPageTest@7d20d0b]" started-at="2025-09-08T08:12:38 IST" name="invalidUserShowsError" finished-at="2025-09-08T08:12:39 IST" duration-ms="1784" status="PASS">
          <reporter-output>
          </reporter-output>
        </test-method> <!-- invalidUserShowsError -->
        <test-method is-config="true" signature="tearDown(org.testng.ITestResult)[pri:0, instance:com.saucedemo.tests.LoginPageTest@7d20d0b]" started-at="2025-09-08T08:12:39 IST" name="tearDown" finished-at="2025-09-08T08:12:40 IST" duration-ms="267" status="PASS">
          <params>
            <param index="0">
              <value>
                <![CDATA[[TestResult name=invalidUserShowsError status=SUCCESS method=LoginPageTest.invalidUserShowsError()[pri:0, instance:com.saucedemo.tests.LoginPageTest@7d20d0b] output={null}]]]>
              </value>
            </param>
          </params>
          <reporter-output>
          </reporter-output>
        </test-method> <!-- tearDown -->
        <test-method is-config="true" signature="setUp(java.lang.String,java.lang.reflect.Method)[pri:0, instance:com.saucedemo.tests.LoginPageTest@7d20d0b]" started-at="2025-09-08T08:12:40 IST" name="setUp" finished-at="2025-09-08T08:12:40 IST" duration-ms="936" status="PASS">
          <params>
            <param index="0">
              <value>
                <![CDATA[chrome]]>
              </value>
            </param>
            <param index="1">
              <value>
                <![CDATA[public void com.saucedemo.tests.LoginPageTest.lockedOutUserShowsError()]]>
              </value>
            </param>
          </params>
          <reporter-output>
          </reporter-output>
        </test-method> <!-- setUp -->
        <test-method signature="lockedOutUserShowsError()[pri:0, instance:com.saucedemo.tests.LoginPageTest@7d20d0b]" started-at="2025-09-08T08:12:40 IST" name="lockedOutUserShowsError" finished-at="2025-09-08T08:12:43 IST" duration-ms="2205" status="PASS">
          <reporter-output>
          </reporter-output>
        </test-method> <!-- lockedOutUserShowsError -->
        <test-method is-config="true" signature="tearDown(org.testng.ITestResult)[pri:0, instance:com.saucedemo.tests.LoginPageTest@7d20d0b]" started-at="2025-09-08T08:12:43 IST" name="tearDown" finished-at="2025-09-08T08:12:43 IST" duration-ms="284" status="PASS">
          <params>
            <param index="0">
              <value>
                <![CDATA[[TestResult name=lockedOutUserShowsError status=SUCCESS method=LoginPageTest.lockedOutUserShowsError()[pri:0, instance:com.saucedemo.tests.LoginPageTest@7d20d0b] output={null}]]]>
              </value>
            </param>
          </params>
          <reporter-output>
          </reporter-output>
        </test-method> <!-- tearDown -->
        <test-method is-config="true" signature="setUp(java.lang.String,java.lang.reflect.Method)[pri:0, instance:com.saucedemo.tests.LoginPageTest@7d20d0b]" started-at="2025-09-08T08:12:43 IST" name="setUp" finished-at="2025-09-08T08:12:44 IST" duration-ms="976" status="PASS">
          <params>
            <param index="0">
              <value>
                <![CDATA[chrome]]>
              </value>
            </param>
            <param index="1">
              <value>
                <![CDATA[public void com.saucedemo.tests.LoginPageTest.testUsernameOrPasswordRequiredErrors()]]>
              </value>
            </param>
          </params>
          <reporter-output>
          </reporter-output>
        </test-method> <!-- setUp -->
        <test-method signature="testUsernameOrPasswordRequiredErrors()[pri:0, instance:com.saucedemo.tests.LoginPageTest@7d20d0b]" started-at="2025-09-08T08:12:44 IST" name="testUsernameOrPasswordRequiredErrors" finished-at="2025-09-08T08:12:46 IST" duration-ms="1834" status="PASS">
          <reporter-output>
          </reporter-output>
        </test-method> <!-- testUsernameOrPasswordRequiredErrors -->
        <test-method is-config="true" signature="tearDown(org.testng.ITestResult)[pri:0, instance:com.saucedemo.tests.LoginPageTest@7d20d0b]" started-at="2025-09-08T08:12:46 IST" name="tearDown" finished-at="2025-09-08T08:12:46 IST" duration-ms="272" status="PASS">
          <params>
            <param index="0">
              <value>
                <![CDATA[[TestResult name=testUsernameOrPasswordRequiredErrors status=SUCCESS method=LoginPageTest.testUsernameOrPasswordRequiredErrors()[pri:0, instance:com.saucedemo.tests.LoginPageTest@7d20d0b] output={null}]]]>
              </value>
            </param>
          </params>
          <reporter-output>
          </reporter-output>
        </test-method> <!-- tearDown -->
        <test-method is-config="true" signature="setUp(java.lang.String,java.lang.reflect.Method)[pri:0, instance:com.saucedemo.tests.LoginPageTest@7d20d0b]" started-at="2025-09-08T08:12:46 IST" name="setUp" finished-at="2025-09-08T08:12:47 IST" duration-ms="958" status="PASS">
          <params>
            <param index="0">
              <value>
                <![CDATA[chrome]]>
              </value>
            </param>
            <param index="1">
              <value>
                <![CDATA[public void com.saucedemo.tests.LoginPageTest.validLogin()]]>
              </value>
            </param>
          </params>
          <reporter-output>
          </reporter-output>
        </test-method> <!-- setUp -->
        <test-method signature="validLogin()[pri:0, instance:com.saucedemo.tests.LoginPageTest@7d20d0b]" started-at="2025-09-08T08:12:47 IST" name="validLogin" finished-at="2025-09-08T08:12:49 IST" duration-ms="2161" status="PASS">
          <reporter-output>
          </reporter-output>
        </test-method> <!-- validLogin -->
        <test-method is-config="true" signature="tearDown(org.testng.ITestResult)[pri:0, instance:com.saucedemo.tests.LoginPageTest@7d20d0b]" started-at="2025-09-08T08:12:49 IST" name="tearDown" finished-at="2025-09-08T08:12:50 IST" duration-ms="371" status="PASS">
          <params>
            <param index="0">
              <value>
                <![CDATA[[TestResult name=validLogin status=SUCCESS method=LoginPageTest.validLogin()[pri:0, instance:com.saucedemo.tests.LoginPageTest@7d20d0b] output={null}]]]>
              </value>
            </param>
          </params>
          <reporter-output>
          </reporter-output>
        </test-method> <!-- tearDown -->
      </class> <!-- com.saucedemo.tests.LoginPageTest -->
    </test> <!-- UI Tests -->
  </suite> <!-- SauceDemo Test Suite -->
</testng-results>
